09:18:04:820 2018.03.29 AutoPico 15.0.0.6
Official Site: 
http://forums.mydigitallife.info/threads/49108-KMSpico-Official-Thread
Time Start: 2018/3/29 9:18:04

09:18:04:821 Checking Internet Connection...
09:18:04:870 Internet Connection Detected
09:18:04:871 Synchronizing Time...
09:18:05:155 Windows Detected: Windows 10 Pro : Professional : 6.3 : 16299.15
09:18:05:171 Loading SECOH-QAD...
09:18:05:181 Set Registry : Image File Execution Options\SppExtComObj.exe:Debugger
09:18:05:181 Using host: 10.123.52.94:1688
09:18:05:181 Using method: SECOH-QAD
09:18:03:386 Time synchronized
09:18:03:529 Opening Firewall Port...
09:18:03:587 Opening Firewall App...
09:18:03:730 KMSEmulator Port: 1688
09:18:03:730 Get Registry : SYSTEM\CurrentControlSet\Services\sppsvc:Start
09:18:03:737 KMSEmulator running port: 1688
09:18:05:019 Office 2010 Skipped
09:18:05:019 Office 2013 Skipped
09:18:05:019 Office 2016 Found: C:\Program Files\Microsoft Office\root\Office16
09:18:05:020 Loading OEM Key Dumper...
09:18:05:020 None MSDM table found
09:18:05:538 Found Windows Products: 1
09:18:05:540 Name: Windows(R), Professional edition
Description: Windows(R) Operating System, VOLUME_KMSCLIENT channel
GracePeriodRemaining: 246285
LicenseStatus: 1
PartialProductKey: T83GX
GenuineStatus: 0

09:18:05:949 DisableKeyManagementServiceHostCaching 0
09:18:05:949 Found Office 2016 Products: 3
09:18:05:949 Name: Office 16, Office16ProjectProR_Retail edition
Description: Office 16, RETAIL channel
GracePeriodRemaining: 0
LicenseStatus: 1
PartialProductKey: MG9XQ
GenuineStatus: 0

09:18:05:949 Set Registry : SoftwareProtectionPlatform:KeyManagementServiceName
09:18:05:949 Name: Office 16, Office16VisioProR_Retail edition
Description: Office 16, RETAIL channel
GracePeriodRemaining: 0
LicenseStatus: 1
PartialProductKey: BWRJH
GenuineStatus: 0

09:18:05:949 Set Registry : SoftwareProtectionPlatform:KeyManagementServicePort
09:18:05:949 Name: Office 16, Office16O365HomePremR_Subscription4 edition
Description: Office 16, TIMEBASED_SUB channel
GracePeriodRemaining: 79259
LicenseStatus: 1
PartialProductKey: WTWF4
GenuineStatus: 0

09:18:05:949 Office 16, Office16O365HomePremR_Subscription4 edition: is Evaluation Version. You must upgrade to Full Version
09:18:05:950 Office 2016 Skipped
09:18:05:951 Activating Windows
09:18:06:360 SetKeyManagementServiceMachine: 0: 10.244.82.199
09:18:06:364 SetKeyManagementServicePort: 0: 1688
09:18:06:889 Connection accepted from [::ffff:127.0.0.1]:9220
09:18:06:911 Received request: v6, AppID: 55c92734-d682-4d71-983e-d6ec3f16059f, Machine: Newton-PC-3
09:18:06:924 Sending response: v6, PID: 05426-00142-026-116928-03-2052-9200.0000-0572014, HwID: DB5ED64E91CD3112
09:18:06:925 Connection closed
09:18:07:816 Windows(R), Professional edition Activated 0
09:18:08:072 Set Registry : SoftwareProtectionPlatform:KeyManagementServiceName
09:18:08:072 Set Registry : SoftwareProtectionPlatform:KeyManagementServicePort
09:18:08:073 Set Registry : SoftwareProtectionPlatform\0ff1ce15-a989-479d-af46-f275c6370663\4f414197-0fc2-4c01-b68a-86cbb9ac254c:KeyManagementServiceName
09:18:08:073 Set Registry : SoftwareProtectionPlatform\0ff1ce15-a989-479d-af46-f275c6370663\4f414197-0fc2-4c01-b68a-86cbb9ac254c:KeyManagementServicePort
09:18:08:073 Set Registry : SoftwareProtectionPlatform\0ff1ce15-a989-479d-af46-f275c6370663\6bf301c1-b94a-43e9-ba31-d494598c47fb:KeyManagementServiceName
09:18:08:074 Set Registry : SoftwareProtectionPlatform\0ff1ce15-a989-479d-af46-f275c6370663\6bf301c1-b94a-43e9-ba31-d494598c47fb:KeyManagementServicePort
09:18:08:074 Set Registry : SoftwareProtectionPlatform\0ff1ce15-a989-479d-af46-f275c6370663\b322da9c-a2e2-4058-9e4e-f59a6970bd69:KeyManagementServiceName
09:18:08:074 Set Registry : SoftwareProtectionPlatform\0ff1ce15-a989-479d-af46-f275c6370663\b322da9c-a2e2-4058-9e4e-f59a6970bd69:KeyManagementServicePort
09:18:08:074 Set Registry : SoftwareProtectionPlatform\0ff1ce15-a989-479d-af46-f275c6370663\d450596f-894d-49e0-966a-fd39ed4c4c64:KeyManagementServiceName
09:18:08:074 Set Registry : SoftwareProtectionPlatform\0ff1ce15-a989-479d-af46-f275c6370663\d450596f-894d-49e0-966a-fd39ed4c4c64:KeyManagementServicePort
09:18:08:075 Set Registry : SoftwareProtectionPlatform\0ff1ce15-a989-479d-af46-f275c6370663\4a5d124a-e620-44ba-b6ff-658961b33b9a:KeyManagementServiceName
09:18:08:075 Set Registry : SoftwareProtectionPlatform\0ff1ce15-a989-479d-af46-f275c6370663\4a5d124a-e620-44ba-b6ff-658961b33b9a:KeyManagementServicePort
09:18:08:075 Set Registry : SoftwareProtectionPlatform\0ff1ce15-a989-479d-af46-f275c6370663\b322da9c-a2e2-4058-9e4e-f59a6970bd69:KeyManagementServiceName
09:18:08:075 Set Registry : SoftwareProtectionPlatform\0ff1ce15-a989-479d-af46-f275c6370663\b322da9c-a2e2-4058-9e4e-f59a6970bd69:KeyManagementServicePort
09:18:08:075 Set Registry : SoftwareProtectionPlatform\0ff1ce15-a989-479d-af46-f275c6370663\e13ac10e-75d0-4aff-a0cd-764982cf541c:KeyManagementServiceName
09:18:08:076 Set Registry : SoftwareProtectionPlatform\0ff1ce15-a989-479d-af46-f275c6370663\e13ac10e-75d0-4aff-a0cd-764982cf541c:KeyManagementServicePort
09:18:08:080 ClearKeyManagementServiceMachine 0
09:18:08:084 ClearKeyManagementServicePort 0
09:18:08:085 Closing Firewall Port...
09:18:08:132 Closing Firewall App...
09:18:08:193 Set Registry : HKEY_CURRENT_USER\Control Panel\Desktop:PaintDesktopVersion
09:18:09:822 Unloading SECOH-QAD...
09:18:09:823 Del Registry : SOFTWARE\Microsoft\Windows NT\CurrentVersion\Image File Execution Options\SppExtComObj.exe:
09:18:09:823 Client listener shut down
09:18:09:828 Killing: SECOH-QAD
